2017-08-08 02:31:53,166 - vim2.py - run_command -                            ERROR - Command failed: apt-get update
2017-08-08 02:33:03,307 - vim2.py - directories -                            INFO - creating directory: /home/tkim/.vim/
2017-08-08 02:33:03,307 - vim2.py - directories -                            INFO - creating directory: /home/tkim/.vim/autoload/
2017-08-08 02:33:03,308 - vim2.py - directories -                            INFO - creating directory: /home/tkim//.vim/bundle/
2017-08-08 02:33:03,308 - vim2.py - directories -                            INFO - creating directory: /home/tkim//.vim/colors/
2017-08-08 02:33:03,308 - vim2.py - directories -                            INFO - creating directory: /home/tkim//.vim/ftplugin/
2017-08-08 02:33:04,681 - vim2.py - run_command -                            INFO - Command ran successfully: git clone https://github.com/tpope/vim-sensible.git
2017-08-08 02:33:07,005 - vim2.py - run_command -                            INFO - Command ran successfully: git clone https://github.com/kien/ctrlp.vim.git
2017-08-08 02:33:09,918 - vim2.py - run_command -                            INFO - Command ran successfully: git clone https://github.com/scrooloose/nerdtree
2017-08-08 02:33:13,246 - vim2.py - run_command -                            INFO - Command ran successfully: git clone https://github.com/klen/python-mode.git
2017-08-08 02:33:15,083 - vim2.py - run_command -                            INFO - Command ran successfully: git clone https://github.com/Lokaltog/vim-powerline.git
2017-08-08 02:33:16,584 - vim2.py - run_command -                            INFO - Command ran successfully: git clone https://github.com/jistr/vim-nerdtree-tabs.git
2017-08-08 02:37:54,359 - vim2.py - directories -                            INFO - creating directory: /home/tkim/.vim/
2017-08-08 02:37:54,359 - vim2.py - directories -                            INFO - creating directory: /home/tkim/.vim/autoload/
2017-08-08 02:37:54,359 - vim2.py - directories -                            INFO - creating directory: /home/tkim//.vim/bundle/
2017-08-08 02:37:54,359 - vim2.py - directories -                            INFO - creating directory: /home/tkim//.vim/colors/
2017-08-08 02:37:54,360 - vim2.py - directories -                            INFO - creating directory: /home/tkim//.vim/ftplugin/
2017-08-08 02:37:55,764 - vim2.py - run_command -                            INFO - Command ran successfully: git clone https://github.com/tpope/vim-sensible.git
2017-08-08 02:37:58,075 - vim2.py - run_command -                            INFO - Command ran successfully: git clone https://github.com/kien/ctrlp.vim.git
2017-08-08 02:38:00,827 - vim2.py - run_command -                            INFO - Command ran successfully: git clone https://github.com/scrooloose/nerdtree
2017-08-08 02:38:04,240 - vim2.py - run_command -                            INFO - Command ran successfully: git clone https://github.com/klen/python-mode.git
2017-08-08 02:38:06,079 - vim2.py - run_command -                            INFO - Command ran successfully: git clone https://github.com/Lokaltog/vim-powerline.git
2017-08-08 02:38:07,497 - vim2.py - run_command -                            INFO - Command ran successfully: git clone https://github.com/jistr/vim-nerdtree-tabs.git
2017-08-08 02:38:08,988 - vim2.py - run_command -                            INFO - Command ran successfully: chown -H -R tkim:sysadmin /home/tkim/
