2018-03-04 23:26:18,615 - vim_python3_ubuntu_jedi.py - pick_user -                            ERROR - the home directory for this user doesn't exist.
2018-03-09 08:25:14,971 - vim_python3_ubuntu_jedi.py - directories -                            INFO - creating directory: /root/.vim/
2018-03-09 08:25:14,979 - vim_python3_ubuntu_jedi.py - directories -                            INFO - creating directory: /root/.vim/autoload/
2018-03-09 08:25:14,979 - vim_python3_ubuntu_jedi.py - directories -                            INFO - creating directory: /root//.vim/bundle/
2018-03-09 08:25:14,979 - vim_python3_ubuntu_jedi.py - directories -                            INFO - creating directory: /root//.vim/colors/
2018-03-09 08:25:14,979 - vim_python3_ubuntu_jedi.py - directories -                            INFO - creating directory: /root//.vim/ftplugin/
2018-03-09 08:25:16,093 - vim_python3_ubuntu_jedi.py - run_command -                            INFO - Command ran successfully: git clone https://github.com/tpope/vim-sensible.git
2018-03-09 08:25:19,707 - vim_python3_ubuntu_jedi.py - run_command -                            INFO - Command ran successfully: git clone https://github.com/kien/ctrlp.vim.git
2018-03-09 08:25:25,912 - vim_python3_ubuntu_jedi.py - run_command -                            INFO - Command ran successfully: git clone https://github.com/scrooloose/nerdtree
2018-03-09 08:25:29,032 - vim_python3_ubuntu_jedi.py - run_command -                            INFO - Command ran successfully: git clone https://github.com/davidhalter/jedi-vim.git
2018-03-09 08:25:31,083 - vim_python3_ubuntu_jedi.py - run_command -                            INFO - Command ran successfully: git clone https://github.com/Lokaltog/vim-powerline.git
2018-03-09 08:25:32,364 - vim_python3_ubuntu_jedi.py - run_command -                            INFO - Command ran successfully: git clone https://github.com/jistr/vim-nerdtree-tabs.git
2018-03-09 08:58:25,312 - vim_python3_ubuntu_jedi.py - directories -                            INFO - creating directory: /root/.vim/
2018-03-09 08:58:25,313 - vim_python3_ubuntu_jedi.py - directories -                            INFO - creating directory: /root/.vim/autoload/
2018-03-09 08:58:25,313 - vim_python3_ubuntu_jedi.py - directories -                            INFO - creating directory: /root//.vim/bundle/
2018-03-09 08:58:25,313 - vim_python3_ubuntu_jedi.py - directories -                            INFO - creating directory: /root//.vim/colors/
2018-03-09 08:58:25,313 - vim_python3_ubuntu_jedi.py - directories -                            INFO - creating directory: /root//.vim/ftplugin/
2018-03-09 08:58:26,438 - vim_python3_ubuntu_jedi.py - run_command -                            INFO - Command ran successfully: git clone https://github.com/tpope/vim-sensible.git
2018-03-09 08:58:30,673 - vim_python3_ubuntu_jedi.py - run_command -                            INFO - Command ran successfully: git clone https://github.com/kien/ctrlp.vim.git
2018-03-09 08:58:37,853 - vim_python3_ubuntu_jedi.py - run_command -                            INFO - Command ran successfully: git clone https://github.com/scrooloose/nerdtree
2018-03-09 08:58:41,571 - vim_python3_ubuntu_jedi.py - run_command -                            INFO - Command ran successfully: git clone https://github.com/davidhalter/jedi-vim.git
2018-03-09 08:58:43,638 - vim_python3_ubuntu_jedi.py - run_command -                            INFO - Command ran successfully: git clone https://github.com/Lokaltog/vim-powerline.git
2018-03-09 08:58:44,893 - vim_python3_ubuntu_jedi.py - run_command -                            INFO - Command ran successfully: git clone https://github.com/jistr/vim-nerdtree-tabs.git
